<?xml version="1.0" encoding="UTF-8"?>
<!-- Generated by org.testng.reporters.JUnitXMLReporter -->
<testsuite hostname="user-PC" ignored="0" name="Command line test" tests="6" failures="0" timestamp="09 Apr 2020 10:56:13 GMT" time="0.066" errors="0">
  <testcase name="MobilePosetive" time="0.011" classname="com.qaclick.AppiumTest"/>
  <testcase name="Mobilenegative" time="0.001" classname="com.qaclick.AppiumTest"/>
  <testcase name="addJira" time="0.0" classname="com.qaclick.RestapiTest"/>
  <testcase name="deleteTwitter" time="0.0" classname="com.qaclick.RestapiTest"/>
  <testcase name="Browserautomation" time="0.0" classname="com.qaclick.SeleniumTest"/>
  <testcase name="Elementsui" time="0.0" classname="com.qaclick.SeleniumTest"/>
</testsuite> <!-- Command line test -->
