<?xml version="1.0" encoding="UTF-8"?>
<testng-results skipped="0" failed="0" ignored="0" total="4" passed="4">
  <reporter-output>
  </reporter-output>
  <suite name="Suite" duration-ms="50" started-at="2020-04-09T12:48:53Z" finished-at="2020-04-09T12:48:53Z">
    <groups>
    </groups>
    <test name="Test" duration-ms="50" started-at="2020-04-09T12:48:53Z" finished-at="2020-04-09T12:48:53Z">
      <class name="com.qaclick.RestapiTest">
        <test-method status="PASS" signature="addJira()[pri:0, instance:com.qaclick.RestapiTest@6108b2d7]" name="addJira" duration-ms="1" started-at="2020-04-09T12:48:53Z" finished-at="2020-04-09T12:48:53Z">
          <reporter-output>
          </reporter-output>
        </test-method> <!-- addJira -->
        <test-method status="PASS" signature="deleteTwitter()[pri:0, instance:com.qaclick.RestapiTest@6108b2d7]" name="deleteTwitter" duration-ms="0" started-at="2020-04-09T12:48:53Z" finished-at="2020-04-09T12:48:53Z">
          <reporter-output>
          </reporter-output>
        </test-method> <!-- deleteTwitter -->
      </class> <!-- com.qaclick.RestapiTest -->
      <class name="com.qaclick.SeleniumTest">
        <test-method status="PASS" signature="Browserautomation()[pri:0, instance:com.qaclick.SeleniumTest@566776ad]" name="Browserautomation" duration-ms="8" started-at="2020-04-09T12:48:53Z" finished-at="2020-04-09T12:48:53Z">
          <reporter-output>
          </reporter-output>
        </test-method> <!-- Browserautomation -->
        <test-method status="PASS" signature="Elementsui()[pri:0, instance:com.qaclick.SeleniumTest@566776ad]" name="Elementsui" duration-ms="1" started-at="2020-04-09T12:48:53Z" finished-at="2020-04-09T12:48:53Z">
          <reporter-output>
          </reporter-output>
        </test-method> <!-- Elementsui -->
      </class> <!-- com.qaclick.SeleniumTest -->
    </test> <!-- Test -->
  </suite> <!-- Suite -->
</testng-results>
